<?xml version="1.0" encoding="UTF-8"?>
<testsuite name="Teste" tests="2" skipped="0" failures="0" errors="0" timestamp="2025-03-04T17:22:39" hostname="DANI" time="0.023">
  <properties/>
  <testcase name="First Test" classname="Teste" time="0.019"/>
  <testcase name="Second Test" classname="Teste" time="0.002"/>
  <system-out><![CDATA[]]></system-out>
  <system-err><![CDATA[]]></system-err>
</testsuite>
